# JRE version: OpenJDK Runtime Environment (11.0.11) (build 11.0.11+0-b60-7590822)
# Java VM: OpenJDK 64-Bit Server VM (11.0.11+0-b60-7590822, mixed mode, tiered, compressed oops, g1 gc, bsd-amd64)
Heap:
 garbage-first heap   total 378880K, used 305614K [0x0000000780000000, 0x0000000800000000)
  region size 1024K, 18 young (18432K), 2 survivors (2048K)
 Metaspace       used 130991K, capacity 135385K, committed 135740K, reserved 1167360K
  class space    used 16712K, capacity 18261K, committed 18304K, reserved 1048576K
GC Heap History (20 events):
Event: 70.079 GC heap before
{Heap before GC invocations=64 (full 0):
 garbage-first heap   total 315392K, used 271360K [0x0000000780000000, 0x0000000800000000)
  region size 1024K, 17 young (17408K), 3 survivors (3072K)
 Metaspace       used 130680K, capacity 135030K, committed 135228K, reserved 1167360K
  class space    used 16696K, capacity 18228K, committed 18304K, reserved 1048576K
}
Event: 70.083 GC heap after
{Heap after GC invocations=65 (full 0):
 garbage-first heap   total 315392K, used 259476K [0x0000000780000000, 0x0000000800000000)
  region size 1024K, 3 young (3072K), 3 survivors (3072K)
 Metaspace       used 130680K, capacity 135030K, committed 135228K, reserved 1167360K
  class space    used 16696K, capacity 18228K, committed 18304K, reserved 1048576K
}
Event: 70.318 GC heap before
{Heap before GC invocations=65 (full 0):
 garbage-first heap   total 315392K, used 271764K [0x0000000780000000, 0x0000000800000000)
  region size 1024K, 15 young (15360K), 3 survivors (3072K)
 Metaspace       used 130696K, capacity 135094K, committed 135484K, reserved 1167360K
  class space    used 16696K, capacity 18228K, committed 18304K, reserved 1048576K
}
Event: 70.323 GC heap after
{Heap after GC invocations=66 (full 0):
 garbage-first heap   total 315392K, used 260626K [0x0000000780000000, 0x0000000800000000)
  region size 1024K, 1 young (1024K), 1 survivors (1024K)
 Metaspace       used 130696K, capacity 135094K, committed 135484K, reserved 1167360K
  class space    used 16696K, capacity 18228K, committed 18304K, reserved 1048576K
}
Event: 70.549 GC heap before
{Heap before GC invocations=66 (full 0):
 garbage-first heap   total 315392K, used 274962K [0x0000000780000000, 0x0000000800000000)
  region size 1024K, 15 young (15360K), 1 survivors (1024K)
 Metaspace       used 130716K, capacity 135094K, committed 135484K, reserved 1167360K
  class space    used 16696K, capacity 18228K, committed 18304K, reserved 1048576K
}
Event: 70.554 GC heap after
{Heap after GC invocations=67 (full 0):
 garbage-first heap   total 315392K, used 262745K [0x0000000780000000, 0x0000000800000000)
  region size 1024K, 2 young (2048K), 2 survivors (2048K)
 Metaspace       used 130716K, capacity 135094K, committed 135484K, reserved 1167360K
  class space    used 16696K, capacity 18228K, committed 18304K, reserved 1048576K
}
Event: 70.756 GC heap before
{Heap before GC invocations=67 (full 0):
 garbage-first heap   total 315392K, used 276057K [0x0000000780000000, 0x0000000800000000)
  region size 1024K, 15 young (15360K), 2 survivors (2048K)
 Metaspace       used 130796K, capacity 135158K, committed 135484K, reserved 1167360K
  class space    used 16696K, capacity 18228K, committed 18304K, reserved 1048576K
}
Event: 70.759 GC heap after
{Heap after GC invocations=68 (full 0):
 garbage-first heap   total 315392K, used 264818K [0x0000000780000000, 0x0000000800000000)
  region size 1024K, 2 young (2048K), 2 survivors (2048K)
 Metaspace       used 130796K, capacity 135158K, committed 135484K, reserved 1167360K
  class space    used 16696K, capacity 18228K, committed 18304K, reserved 1048576K
}
Event: 70.884 GC heap before
{Heap before GC invocations=68 (full 0):
 garbage-first heap   total 315392K, used 277106K [0x0000000780000000, 0x0000000800000000)
  region size 1024K, 15 young (15360K), 2 survivors (2048K)
 Metaspace       used 130804K, capacity 135158K, committed 135484K, reserved 1167360K
  class space    used 16696K, capacity 18228K, committed 18304K, reserved 1048576K
}
Event: 70.887 GC heap after
{Heap after GC invocations=69 (full 0):
 garbage-first heap   total 315392K, used 269006K [0x0000000780000000, 0x0000000800000000)
  region size 1024K, 2 young (2048K), 2 survivors (2048K)
 Metaspace       used 130804K, capacity 135158K, committed 135484K, reserved 1167360K
  class space    used 16696K, capacity 18228K, committed 18304K, reserved 1048576K
}
Event: 71.007 GC heap before
{Heap before GC invocations=69 (full 0):
 garbage-first heap   total 315392K, used 281294K [0x0000000780000000, 0x0000000800000000)
  region size 1024K, 15 young (15360K), 2 survivors (2048K)
 Metaspace       used 130805K, capacity 135158K, committed 135484K, reserved 1167360K
  class space    used 16696K, capacity 18228K, committed 18304K, reserved 1048576K
}
Event: 71.016 GC heap after
{Heap after GC invocations=70 (full 0):
 garbage-first heap   total 315392K, used 273149K [0x0000000780000000, 0x0000000800000000)
  region size 1024K, 2 young (2048K), 2 survivors (2048K)
 Metaspace       used 130805K, capacity 135158K, committed 135484K, reserved 1167360K
  class space    used 16696K, capacity 18228K, committed 18304K, reserved 1048576K
}
Event: 71.110 GC heap before
{Heap before GC invocations=70 (full 0):
 garbage-first heap   total 315392K, used 288509K [0x0000000780000000, 0x0000000800000000)
  region size 1024K, 15 young (15360K), 2 survivors (2048K)
 Metaspace       used 130805K, capacity 135158K, committed 135484K, reserved 1167360K
  class space    used 16696K, capacity 18228K, committed 18304K, reserved 1048576K
}
Event: 71.117 GC heap after
{Heap after GC invocations=71 (full 0):
 garbage-first heap   total 315392K, used 281040K [0x0000000780000000, 0x0000000800000000)
  region size 1024K, 2 young (2048K), 2 survivors (2048K)
 Metaspace       used 130805K, capacity 135158K, committed 135484K, reserved 1167360K
  class space    used 16696K, capacity 18228K, committed 18304K, reserved 1048576K
}
Event: 71.207 GC heap before
{Heap before GC invocations=71 (full 0):
 garbage-first heap   total 315392K, used 294352K [0x0000000780000000, 0x0000000800000000)
  region size 1024K, 15 young (15360K), 2 survivors (2048K)
 Metaspace       used 130813K, capacity 135158K, committed 135484K, reserved 1167360K
  class space    used 16696K, capacity 18228K, committed 18304K, reserved 1048576K
}
Event: 71.213 GC heap after
{Heap after GC invocations=72 (full 0):
 garbage-first heap   total 315392K, used 285111K [0x0000000780000000, 0x0000000800000000)
  region size 1024K, 2 young (2048K), 2 survivors (2048K)
 Metaspace       used 130813K, capacity 135158K, committed 135484K, reserved 1167360K
  class space    used 16696K, capacity 18228K, committed 18304K, reserved 1048576K
}
Event: 71.318 GC heap before
{Heap before GC invocations=72 (full 0):
 garbage-first heap   total 315392K, used 298423K [0x0000000780000000, 0x0000000800000000)
  region size 1024K, 15 young (15360K), 2 survivors (2048K)
 Metaspace       used 130814K, capacity 135158K, committed 135484K, reserved 1167360K
  class space    used 16696K, capacity 18228K, committed 18304K, reserved 1048576K
}
Event: 71.324 GC heap after
{Heap after GC invocations=73 (full 0):
 garbage-first heap   total 315392K, used 288152K [0x0000000780000000, 0x0000000800000000)
  region size 1024K, 2 young (2048K), 2 survivors (2048K)
 Metaspace       used 130814K, capacity 135158K, committed 135484K, reserved 1167360K
  class space    used 16696K, capacity 18228K, committed 18304K, reserved 1048576K
}
Event: 71.670 GC heap before
{Heap before GC invocations=74 (full 0):
 garbage-first heap   total 315392K, used 301464K [0x0000000780000000, 0x0000000800000000)
  region size 1024K, 15 young (15360K), 2 survivors (2048K)
 Metaspace       used 130826K, capacity 135158K, committed 135484K, reserved 1167360K
  class space    used 16697K, capacity 18228K, committed 18304K, reserved 1048576K
}
Event: 71.686 GC heap after
{Heap after GC invocations=75 (full 0):
 garbage-first heap   total 378880K, used 290254K [0x0000000780000000, 0x0000000800000000)
  region size 1024K, 2 young (2048K), 2 survivors (2048K)
 Metaspace       used 130826K, capacity 135158K, committed 135484K, reserved 1167360K
  class space    used 16697K, capacity 18228K, committed 18304K, reserved 1048576K
}

